
  [4;36;1mSQL (0.2ms)[0m   [0;1m SELECT name
 FROM sqlite_master
 WHERE type = 'table' AND NOT name = 'sqlite_sequence'
[0m
  [4;35;1mSQL (0.2ms)[0m   [0mselect sqlite_version(*)[0m
  [4;36;1mSQL (2.0ms)[0m   [0;1mCREATE TABLE "schema_migrations" ("version" varchar(255) NOT NULL) [0m
  [4;35;1mSQL (1.6ms)[0m   [0mCREATE UNIQUE INDEX "unique_schema_migrations" ON "schema_migrations" ("version")[0m
  [4;36;1mSQL (0.2ms)[0m   [0;1m SELECT name
 FROM sqlite_master
 WHERE type = 'table' AND NOT name = 'sqlite_sequence'
[0m
  [4;35;1mSQL (0.2ms)[0m   [0mSELECT version FROM schema_migrations[0m
Migrating to CreateTodos (20110421234358)
  [4;36;1mSQL (0.5ms)[0m   [0;1mCREATE TABLE "todos" ("id" INTEGER PRIMARY KEY AUTOINCREMENT NOT NULL, "content" varchar(255), "days_left" integer DEFAULT 0, "completed" boolean DEFAULT 'f', "created_at" datetime, "updated_at" datetime) [0m
  [4;35;1mSQL (0.1ms)[0m   [0mINSERT INTO schema_migrations (version) VALUES ('20110421234358')[0m
  [4;36;1mSQL (0.3ms)[0m   [0;1m SELECT name
 FROM sqlite_master
 WHERE type = 'table' AND NOT name = 'sqlite_sequence'
[0m
  [4;35;1mSQL (0.1ms)[0m   [0mSELECT version FROM schema_migrations[0m
  [4;36;1mSQL (0.1ms)[0m   [0;1m SELECT name
 FROM sqlite_master
 WHERE type = 'table' AND NOT name = 'sqlite_sequence'
[0m
  [4;35;1mSQL (0.0ms)[0m   [0mPRAGMA index_list("todos")[0m
  [4;36;1mSQL (0.4ms)[0m   [0;1m SELECT name
 FROM sqlite_master
 WHERE type = 'table' AND NOT name = 'sqlite_sequence'
[0m
  [4;35;1mSQL (0.1ms)[0m   [0mSELECT version FROM schema_migrations[0m
Migrating to CreateTodos (20110421234358)
  [4;36;1mSQL (0.1ms)[0m   [0;1mselect sqlite_version(*)[0m
  [4;35;1mSQL (0.2ms)[0m   [0m SELECT name
 FROM sqlite_master
 WHERE type = 'table' AND NOT name = 'sqlite_sequence'
[0m
  [4;36;1mSQL (0.1ms)[0m   [0;1mSELECT version FROM schema_migrations[0m
  [4;35;1mSQL (0.1ms)[0m   [0m SELECT name
 FROM sqlite_master
 WHERE type = 'table' AND NOT name = 'sqlite_sequence'
[0m
  [4;36;1mSQL (0.0ms)[0m   [0;1mPRAGMA index_list("todos")[0m


Processing TodosController#index (for 127.0.0.1 at 2011-04-21 16:57:51) [GET]
  [4;36;1mTodo Load (0.4ms)[0m   [0;1mSELECT * FROM "todos" [0m
Rendering template within layouts/todos
Rendering todos/index
Completed in 51ms (View: 46, DB: 0) | 200 OK [http://0.0.0.0/todos]


Processing TodosController#index (for 127.0.0.1 at 2011-04-21 17:00:01) [GET]
  [4;35;1mTodo Load (0.4ms)[0m   [0mSELECT * FROM "todos" [0m
Rendering template within layouts/todos
Rendering todos/index
Completed in 6ms (View: 2, DB: 0) | 200 OK [http://0.0.0.0/]


Processing TodosController#new (for 127.0.0.1 at 2011-04-21 17:00:08) [GET]
Rendering template within layouts/todos
Rendering todos/new
Completed in 38ms (View: 33, DB: 0) | 200 OK [http://0.0.0.0/todos/new]


Processing TodosController#create (for 127.0.0.1 at 2011-04-21 17:00:20) [POST]
  Parameters: {"commit"=>"Create", "authenticity_token"=>"9+Cowm+KjhgFWibTwfm0GcM95XVslsUHC5FR4WMFx/U=", "todo"=>{"completed"=>"0", "days_left"=>"0", "content"=>"go to coffee shop"}}
  [4;36;1mTodo Create (0.5ms)[0m   [0;1mINSERT INTO "todos" ("created_at", "completed", "updated_at", "days_left", "content") VALUES('2011-04-22 00:00:21', 'f', '2011-04-22 00:00:21', 0, 'go to coffee shop')[0m
Redirected to http://0.0.0.0:3000/todos/1
Completed in 58ms (DB: 0) | 302 Found [http://0.0.0.0/todos]


Processing TodosController#show (for 127.0.0.1 at 2011-04-21 17:00:21) [GET]
  Parameters: {"id"=>"1"}
  [4;35;1mTodo Load (0.2ms)[0m   [0mSELECT * FROM "todos" WHERE ("todos"."id" = 1) [0m
Rendering template within layouts/todos
Rendering todos/show
Completed in 12ms (View: 7, DB: 0) | 200 OK [http://0.0.0.0/todos/1]


Processing TodosController#index (for 127.0.0.1 at 2011-04-21 17:00:23) [GET]
  [4;36;1mTodo Load (0.4ms)[0m   [0;1mSELECT * FROM "todos" [0m
Rendering template within layouts/todos
Rendering todos/index
Completed in 10ms (View: 5, DB: 0) | 200 OK [http://0.0.0.0/todos]


Processing TodosController#index (for 127.0.0.1 at 2011-04-21 17:10:04) [GET]
Rendering template within layouts/todos
Rendering todos/index

ActionView::TemplateError (You have a nil object when you didn't expect it!
You might have expected an instance of Array.
The error occurred while evaluating nil.each) on line #10 of app/views/todos/index.html.erb:
7:     <th>Completed</th>
8:   </tr>
9: 
10: <% @todos.each do |todo| %>
11:   <tr>
12:     <td><%=h todo.content %></td>
13:     <td><%=h todo.days_left %></td>

    app/views/todos/index.html.erb:10
    app/controllers/todos_controller.rb:6:in `index'

Rendered rescues/_trace (124.5ms)
Rendered rescues/_request_and_response (1.2ms)
Rendering rescues/layout (internal_server_error)


Processing TodosController#index (for 127.0.0.1 at 2011-04-21 17:10:29) [GET]
  [4;35;1mTodo Load (0.7ms)[0m   [0mSELECT * FROM "todos" [0m
Rendering template within layouts/todos
Rendering todos/index
Completed in 16ms (View: 6, DB: 1) | 200 OK [http://0.0.0.0/todos]


Processing TodosController#index (for 127.0.0.1 at 2011-04-21 17:11:33) [GET]
  [4;36;1mTodo Load (0.5ms)[0m   [0;1mSELECT * FROM "todos" [0m
Rendering template within layouts/todos
Rendering todos/index
Completed in 12ms (View: 8, DB: 0) | 200 OK [http://0.0.0.0/todos]


Processing TodosController#show to xml (for 127.0.0.1 at 2011-04-21 17:12:04) [GET]
  Parameters: {"id"=>"index"}
  [4;35;1mTodo Load (0.2ms)[0m   [0mSELECT * FROM "todos" WHERE ("todos"."id" = 0) [0m

ActiveRecord::RecordNotFound (Couldn't find Todo with ID=index):
  app/controllers/todos_controller.rb:16:in `show'

Rendered rescues/_trace (51.0ms)
Rendered rescues/_request_and_response (0.4ms)
Rendering rescues/layout (not_found)


Processing TodosController#index to xml (for 127.0.0.1 at 2011-04-21 17:12:11) [GET]
  [4;36;1mTodo Load (0.5ms)[0m   [0;1mSELECT * FROM "todos" [0m
Completed in 365ms (View: 361, DB: 0) | 200 OK [http://0.0.0.0/todos.xml]


Processing TodosController#index (for 127.0.0.1 at 2011-04-21 17:13:58) [GET]
  [4;35;1mTodo Load (0.5ms)[0m   [0mSELECT * FROM "todos" [0m
Rendering template within layouts/todos
Rendering todos/index
Completed in 10ms (View: 6, DB: 0) | 200 OK [http://0.0.0.0/todos]


Processing TodosController#edit (for 127.0.0.1 at 2011-04-21 17:14:14) [GET]
  Parameters: {"id"=>"1"}
  [4;36;1mTodo Load (0.2ms)[0m   [0;1mSELECT * FROM "todos" WHERE ("todos"."id" = 1) [0m
Rendering template within layouts/todos
Rendering todos/edit
Completed in 27ms (View: 22, DB: 0) | 200 OK [http://0.0.0.0/todos/1/edit]


Processing TodosController#index (for 127.0.0.1 at 2011-04-21 17:18:26) [GET]
  [4;35;1mTodo Load (0.7ms)[0m   [0mSELECT * FROM "todos" [0m
Rendering template within layouts/todos
Rendering todos/index
Completed in 11ms (View: 6, DB: 1) | 200 OK [http://0.0.0.0/todos]
